#
# There is insufficient memory for the Java Runtime Environment to continue.
# Native memory allocation (mmap) failed to map 100663296 bytes for G1 virtual space
# Possible reasons:
#   The system is out of physical RAM or swap space
#   The process is running with CompressedOops enabled, and the Java Heap may be blocking the growth of the native heap
# Possible solutions:
#   Reduce memory load on the system
#   Increase physical memory or swap space
#   Check if swap backing store is full
#   Decrease Java heap size (-Xmx/-Xms)
#   Decrease number of Java threads
#   Decrease Java thread stack sizes (-Xss)
#   Set larger code cache with -XX:ReservedCodeCacheSize=
#   JVM is running with Unscaled Compressed Oops mode in which the Java heap is
#     placed in the first 4GB address space. The Java Heap base address is the
#     maximum limit for the native heap growth. Please use -XX:HeapBaseMinAddress
#     to set the Java Heap base and to place the Java Heap above 4GB virtual address.
# This output file may be truncated or incomplete.
#
#  Out of Memory Error (os_windows.cpp:3825), pid=15092, tid=14452
#
# JRE version:  (17.0.10) (build )
# Java VM: OpenJDK 64-Bit Server VM (17.0.10+0--11609105, mixed mode, sharing, tiered, compressed oops, compressed class ptrs, g1 gc, windows-amd64)
# No core dump will be written. Minidumps are not enabled by default on client versions of Windows
#

---------------  S U M M A R Y ------------

Command Line: org.jetbrains.kotlin.cli.jvm.K2JVMCompiler @C:\Users\alitu\AndroidStudioProjects\AliShopping 2-retrofit\app\build\20240810_3949353556982305172.compiler.options

Host: AMD Ryzen 3 3250U with Radeon Graphics         , 4 cores, 5G,  Windows 10 , 64 bit Build 19041 (10.0.19041.4597)
Time: Sat Aug 10 12:52:54 2024 Türkiye Standart Saati elapsed time: 0.020019 seconds (0d 0h 0m 0s)

---------------  T H R E A D  ---------------

Current thread (0x000002b154b819c0):  JavaThread "Unknown thread" [_thread_in_vm, id=14452, stack(0x000000d018600000,0x000000d018700000)]

Stack: [0x000000d018600000,0x000000d018700000]
Native frames: (J=compiled Java code, j=interpreted, Vv=VM code, C=native code)
V  [jvm.dll+0x688de9]
V  [jvm.dll+0x8423da]
V  [jvm.dll+0x84401e]
V  [jvm.dll+0x844683]
V  [jvm.dll+0x24be0f]
V  [jvm.dll+0x685bb9]
V  [jvm.dll+0x67a46a]
V  [jvm.dll+0x30cbab]
V  [jvm.dll+0x314056]
V  [jvm.dll+0x363dce]
V  [jvm.dll+0x363fff]
V  [jvm.dll+0x2e2978]
V  [jvm.dll+0x2e38e4]
V  [jvm.dll+0x812f71]
V  [jvm.dll+0x371c81]
V  [jvm.dll+0x7f1ac6]
V  [jvm.dll+0x3f58df]
V  [jvm.dll+0x3f7511]
C  [jli.dll+0x528f]
C  [ucrtbase.dll+0x21bb2]
C  [KERNEL32.DLL+0x17374]
C  [ntdll.dll+0x4cc91]


---------------  P R O C E S S  ---------------

Threads class SMR info:
_java_thread_list=0x00007ffd61d3ef58, length=0, elements={
}

Java Threads: ( => current thread )

Other Threads:
  0x000002b154bcbdf0 GCTaskThread "GC Thread#0" [stack: 0x000000d018700000,0x000000d018800000] [id=14288]
  0x000002b154bd9aa0 ConcurrentGCThread "G1 Main Marker" [stack: 0x000000d018800000,0x000000d018900000] [id=13308]
  0x000002b154bdab70 ConcurrentGCThread "G1 Conc#0" [stack: 0x000000d018900000,0x000000d018a00000] [id=14504]

[error occurred during error reporting (printing all threads), id 0xc0000005, EXCEPTION_ACCESS_VIOLATION (0xc0000005) at pc=0x00007ffd614f3547]

VM state: not at safepoint (not fully initialized)

VM Mutex/Monitor currently owned by a thread:  ([mutex/lock_event])
[0x000002b154b7fc10] Heap_lock - owner thread: 0x000002b154b819c0

Heap address: 0x00000000a0e00000, size: 1522 MB, Compressed Oops mode: 32-bit

CDS archive(s) mapped at: [0x0000000000000000-0x0000000000000000-0x0000000000000000), size 0, SharedBaseAddress: 0x0000000800000000, ArchiveRelocationMode: 1.
Narrow klass base: 0x0000000000000000, Narrow klass shift: 0, Narrow klass range: 0x0

GC Precious Log:
<Empty>

Heap:
 garbage-first heap   total 0K, used 0K [0x00000000a0e00000, 0x0000000100000000)
  region size 1024K, 0 young (0K), 0 survivors (0K)
 Metaspace       used 0K, committed 0K, reserved 0K
  class space    used 0K, committed 0K, reserved 0K

Heap Regions: E=young(eden), S=young(survivor), O=old, HS=humongous(starts), HC=humongous(continues), CS=collection set, F=free, OA=open archive, CA=closed archive, TAMS=top-at-mark-start (previous, next)

Card table byte_map: [0x000002b169160000,0x000002b169460000] _byte_map_base: 0x000002b168c59000

Marking Bits (Prev, Next): (CMBitMap*) 0x000002b154bcd330, (CMBitMap*) 0x000002b154bcd370
 Prev Bits: [0x000002b169760000, 0x000002b16af28000)
 Next Bits: [0x000002b16af30000, 0x000002b16c6f8000)

GC Heap History (0 events):
No events

Dll operation events (1 events):
Event: 0.010 Loaded shared library C:\Program Files\Android\Android Studio\jbr\bin\java.dll

Deoptimization events (0 events):
No events

Classes unloaded (0 events):
No events

Classes redefined (0 events):
No events

Internal exceptions (0 events):
No events

VM Operations (0 events):
No events

Events (0 events):
No events


Dynamic libraries:
0x00007ff6904b0000 - 0x00007ff6904ba000 	C:\Program Files\Android\Android Studio\jbr\bin\java.exe
0x00007ffd9d010000 - 0x00007ffd9d208000 	C:\WINDOWS\SYSTEM32\ntdll.dll
0x00007ffd9cb10000 - 0x00007ffd9cbd1000 	C:\WINDOWS\System32\KERNEL32.DLL
0x00007ffd9a830000 - 0x00007ffd9ab26000 	C:\WINDOWS\System32\KERNELBASE.dll
0x00007ffd9acc0000 - 0x00007ffd9adc0000 	C:\WINDOWS\System32\ucrtbase.dll
0x00007ffd8b870000 - 0x00007ffd8b887000 	C:\Program Files\Android\Android Studio\jbr\bin\jli.dll
0x00007ffd83050000 - 0x00007ffd8306b000 	C:\Program Files\Android\Android Studio\jbr\bin\VCRUNTIME140.dll
0x00007ffd9b040000 - 0x00007ffd9b1df000 	C:\WINDOWS\System32\USER32.dll
0x00007ffd9ab30000 - 0x00007ffd9ab52000 	C:\WINDOWS\System32\win32u.dll
0x00007ffd9cfa0000 - 0x00007ffd9cfcb000 	C:\WINDOWS\System32\GDI32.dll
0x00007ffd83a10000 - 0x00007ffd83caa000 	C:\WINDOWS\WinSxS\amd64_microsoft.windows.common-controls_6595b64144ccf1df_6.0.19041.4355_none_60b8b9eb71f62e16\COMCTL32.dll
0x00007ffd9a710000 - 0x00007ffd9a827000 	C:\WINDOWS\System32\gdi32full.dll
0x00007ffd9ab90000 - 0x00007ffd9ac2d000 	C:\WINDOWS\System32\msvcp_win.dll
0x00007ffd9bae0000 - 0x00007ffd9bb7e000 	C:\WINDOWS\System32\msvcrt.dll
0x00007ffd9bb80000 - 0x00007ffd9bbaf000 	C:\WINDOWS\System32\IMM32.DLL
0x00007ffd8b780000 - 0x00007ffd8b78c000 	C:\Program Files\Android\Android Studio\jbr\bin\vcruntime140_1.dll
0x00007ffd6b230000 - 0x00007ffd6b2bd000 	C:\Program Files\Android\Android Studio\jbr\bin\msvcp140.dll
0x00007ffd61200000 - 0x00007ffd61e83000 	C:\Program Files\Android\Android Studio\jbr\bin\server\jvm.dll
0x00007ffd9cbf0000 - 0x00007ffd9cca0000 	C:\WINDOWS\System32\ADVAPI32.dll
0x00007ffd9cf00000 - 0x00007ffd9cfa0000 	C:\WINDOWS\System32\sechost.dll
0x00007ffd9c110000 - 0x00007ffd9c233000 	C:\WINDOWS\System32\RPCRT4.dll
0x00007ffd9ab60000 - 0x00007ffd9ab87000 	C:\WINDOWS\System32\bcrypt.dll
0x00007ffd90540000 - 0x00007ffd90567000 	C:\WINDOWS\SYSTEM32\WINMM.dll
0x00007ffd93440000 - 0x00007ffd93449000 	C:\WINDOWS\SYSTEM32\WSOCK32.dll
0x00007ffd9a510000 - 0x00007ffd9a55b000 	C:\WINDOWS\SYSTEM32\POWRPROF.dll
0x00007ffd90840000 - 0x00007ffd9084a000 	C:\WINDOWS\SYSTEM32\VERSION.dll
0x00007ffd9cde0000 - 0x00007ffd9ce4b000 	C:\WINDOWS\System32\WS2_32.dll
0x00007ffd9a4f0000 - 0x00007ffd9a502000 	C:\WINDOWS\SYSTEM32\UMPDC.dll
0x00007ffd98540000 - 0x00007ffd98552000 	C:\WINDOWS\SYSTEM32\kernel.appcore.dll
0x00007ffd90980000 - 0x00007ffd9098a000 	C:\Program Files\Android\Android Studio\jbr\bin\jimage.dll
0x00007ffd935d0000 - 0x00007ffd937b4000 	C:\WINDOWS\SYSTEM32\DBGHELP.DLL
0x00007ffd80ad0000 - 0x00007ffd80b04000 	C:\WINDOWS\SYSTEM32\dbgcore.DLL
0x00007ffd9ac30000 - 0x00007ffd9acb2000 	C:\WINDOWS\System32\bcryptPrimitives.dll
0x00007ffd8e110000 - 0x00007ffd8e135000 	C:\Program Files\Android\Android Studio\jbr\bin\java.dll

dbghelp: loaded successfully - version: 4.0.5 - missing functions: none
symbol engine: initialized successfully - sym options: 0x614 - pdb path: .;C:\Program Files\Android\Android Studio\jbr\bin;C:\WINDOWS\SYSTEM32;C:\WINDOWS\WinSxS\amd64_microsoft.windows.common-controls_6595b64144ccf1df_6.0.19041.4355_none_60b8b9eb71f62e16;C:\Program Files\Android\Android Studio\jbr\bin\server

VM Arguments:
java_command: org.jetbrains.kotlin.cli.jvm.K2JVMCompiler @C:\Users\alitu\AndroidStudioProjects\AliShopping 2-retrofit\app\build\20240810_3949353556982305172.compiler.options
java_class_path (initial): C:\Users\alitu\.gradle\caches\modules-2\files-2.1\org.jetbrains.kotlin\kotlin-compiler-embeddable\1.9.0\2c8c3a7402becca891f12739b3e9fd2dc2adbd7a\kotlin-compiler-embeddable-1.9.0.jar;C:\Users\alitu\.gradle\caches\modules-2\files-2.1\org.jetbrains.kotlin\kotlin-stdlib\1.9.0\8ee15ef0c67dc83d874f412d84378d7f0eb50b63\kotlin-stdlib-1.9.0.jar;C:\Users\alitu\.gradle\caches\modules-2\files-2.1\org.jetbrains.kotlin\kotlin-script-runtime\1.9.0\4b3102cbbb7e1b58d9d1adf89563f00069ffa7d1\kotlin-script-runtime-1.9.0.jar;C:\Users\alitu\.gradle\caches\modules-2\files-2.1\org.jetbrains.kotlin\kotlin-reflect\1.6.10\1cbe9c92c12a94eea200d23c2bbaedaf3daf5132\kotlin-reflect-1.6.10.jar;C:\Users\alitu\.gradle\caches\modules-2\files-2.1\org.jetbrains.kotlin\kotlin-daemon-embeddable\1.9.0\186543f5e28cf8d9a0290fecc2cf34301c40a65c\kotlin-daemon-embeddable-1.9.0.jar;C:\Users\alitu\.gradle\caches\modules-2\files-2.1\org.jetbrains.intellij.deps\trove4j\1.0.20200330\3afb14d5f9ceb459d724e907a21145e8ff394f02\trove4j-1.0.20200330.jar;C:\Users\alitu\.gradle\caches\modules-2\files-2.1\org.jetbrains.kotlin\kotlin-stdlib-common\1.9.0\cd65c21cfd1eec4d44ef09f9f52b6d9f8a720636\kotlin-stdlib-common-1.9.0.jar;C:\Users\alitu\.gradle\caches\modules-2\files-2.1\org.jetbrains\annotations\13.0\919f0dfe192fb4e063e7dacadee7f8bb9a2672a9\annotations-13.0.jar
Launcher Type: SUN_STANDARD

[Global flags]
     intx CICompilerCount                          = 3                                         {product} {ergonomic}
     uint ConcGCThreads                            = 1                                         {product} {ergonomic}
     uint G1ConcRefinementThreads                  = 4                                         {product} {ergonomic}
   size_t G1HeapRegionSize                         = 1048576                                   {product} {ergonomic}
    uintx GCDrainStackTargetSize                   = 64                                        {product} {ergonomic}
   size_t InitialHeapSize                          = 100663296                                 {product} {ergonomic}
   size_t MarkStackSize                            = 4194304                                   {product} {ergonomic}
   size_t MaxHeapSize                              = 1595932672                                {product} {ergonomic}
   size_t MinHeapDeltaBytes                        = 1048576                                   {product} {ergonomic}
   size_t MinHeapSize                              = 8388608                                   {product} {ergonomic}
    uintx NonNMethodCodeHeapSize                   = 5832780                                {pd product} {ergonomic}
    uintx NonProfiledCodeHeapSize                  = 122912730                              {pd product} {ergonomic}
    uintx ProfiledCodeHeapSize                     = 122912730                              {pd product} {ergonomic}
    uintx ReservedCodeCacheSize                    = 251658240                              {pd product} {ergonomic}
     bool SegmentedCodeCache                       = true                                      {product} {ergonomic}
   size_t SoftMaxHeapSize                          = 1595932672                             {manageable} {ergonomic}
     bool UseCompressedClassPointers               = true                           {product lp64_product} {ergonomic}
     bool UseCompressedOops                        = true                           {product lp64_product} {ergonomic}
     bool UseG1GC                                  = true                                      {product} {ergonomic}
     bool UseLargePagesIndividualAllocation        = false                                  {pd product} {ergonomic}

Logging:
Log output configuration:
 #0: stdout all=warning uptime,level,tags
 #1: stderr all=off uptime,level,tags

Environment Variables:
PATH=C:\Program Files\Common Files\Oracle\Java\javapath;C:\Program Files (x86)\Common Files\Oracle\Java\javapath;C:\WINDOWS\system32;C:\WINDOWS;C:\WINDOWS\System32\Wbem;C:\WINDOWS\System32\WindowsPowerShell\v1.0\;C:\WINDOWS\System32\OpenSSH\;C:\ProgramData\chocolatey\bin;C:\Program Files\nodejs\;C:\Program Files\Calibre2\;C:\Program Files\Java\jdk-22\bin;C:\Program Files (x86)\Windows Kits\10\Windows Performance Toolkit\;C:\Program Files (x86)\Common Files\Oracle\Java\javapath;C:\WINDOWS\system32;C:\WINDOWS;C:\WINDOWS\System32\Wbem;C:\WINDOWS\System32\WindowsPowerShell\v1.0\;C:\WINDOWS\System32\OpenSSH\;C:\Program Files\nodejs\;C:\ProgramData\chocolatey\bin;C:\Users\alitu\AppData\Local\Programs\Python\Python312\Scripts\;C:\Users\alitu\AppData\Local\Programs\Python\Python312\;C:\Users\alitu\AppData\Local\Programs\Python\Launcher\;C:\Users\alitu\AppData\Local\Microsoft\WindowsApps;C:\Users\alitu\AppData\Local\Programs\Microsoft VS Code\bin;C:\Program Files\Python3.12.3;C:\Python3.12.3;C:\Users\alitu\AppData\Roaming\npm;C:\Program Files\Java\jdk-22\bin;C:\Program Files\JetBrains\IntelliJ IDEA Community Edition 2024.1.3\bin;;C:\Users\alitu\AppData\Local\GitHubDesktop\bin;C:\Users\alitu\AppData\Local\Android\Sdk\platform-tools;C:\bu\flutter\bin;
USERNAME=alitu
OS=Windows_NT
PROCESSOR_IDENTIFIER=AMD64 Family 23 Model 24 Stepping 1, AuthenticAMD
TMP=C:\Users\alitu\AppData\Local\Temp
TEMP=C:\Users\alitu\AppData\Local\Temp



Periodic native trim disabled

JNI global refs:
JNI global refs: 0, weak refs: 0

JNI global refs memory usage: 0, weak refs: 0

OOME stack traces (most recent first):
Classloader memory used:


---------------  S Y S T E M  ---------------

OS:
 Windows 10 , 64 bit Build 19041 (10.0.19041.4597)
OS uptime: 16 days 22:31 hours

CPU: total 4 (initial active 4) (4 cores per cpu, 2 threads per core) family 23 model 24 stepping 1 microcode 0x0, cx8, cmov, fxsr, ht, mmx, 3dnowpref, sse, sse2, sse3, ssse3, sse4a, sse4.1, sse4.2, popcnt, lzcnt, tsc, tscinvbit, avx, avx2, aes, clmul, bmi1, bmi2, adx, sha, fma, vzeroupper, clflush, clflushopt
Processor Information for all 4 processors :
  Max Mhz: 2600, Current Mhz: 2600, Mhz Limit: 2600

Memory: 4k page, system-wide physical 6086M (3160M free)
TotalPageFile size 14278M (AvailPageFile size 47M)
current process WorkingSet (physical memory assigned to process): 10M, peak: 10M
current process commit charge ("private bytes"): 51M, peak: 147M

vm_info: OpenJDK 64-Bit Server VM (17.0.10+0--11609105) for windows-amd64 JRE (17.0.10+0--11609105), built on Mar 21 2024 19:10:56 by "androidbuild" with MS VC++ 16.10 / 16.11 (VS2019)

END.
